Determining if the pthread_create exist failed with the following output:
Change Dir: /home/sysuzyc/coo_map/linefit_ground_segmentation/linefit_ground_segmentation/build/catkin_tools_prebuild/CMakeFiles/CMakeTmp

Run Build Command:"/usr/bin/make" "cmTC_569a1/fast"
/usr/bin/make -f CMakeFiles/cmTC_569a1.dir/build.make CMakeFiles/cmTC_569a1.dir/build
make[1]: Entering directory '/home/sysuzyc/coo_map/linefit_ground_segmentation/linefit_ground_segmentation/build/catkin_tools_prebuild/CMakeFiles/CMakeTmp'
Building C object CMakeFiles/cmTC_569a1.dir/CheckSymbolExists.c.o
/usr/bin/cc     -o CMakeFiles/cmTC_569a1.dir/CheckSymbolExists.c.o   -c /home/sysuzyc/coo_map/linefit_ground_segmentation/linefit_ground_segmentation/build/catkin_tools_prebuild/CMakeFiles/CMakeTmp/CheckSymbolExists.c
Linking C executable cmTC_569a1
/usr/bin/cmake -E cmake_link_script CMakeFiles/cmTC_569a1.dir/link.txt --verbose=1
/usr/bin/cc       CMakeFiles/cmTC_569a1.dir/CheckSymbolExists.c.o  -o cmTC_569a1 -rdynamic 
CMakeFiles/cmTC_569a1.dir/CheckSymbolExists.c.o: In function `main':
CheckSymbolExists.c:(.text+0x16): undefined reference to `pthread_create'
collect2: error: ld returned 1 exit status
CMakeFiles/cmTC_569a1.dir/build.make:97: recipe for target 'cmTC_569a1' failed
make[1]: *** [cmTC_569a1] Error 1
make[1]: Leaving directory '/home/sysuzyc/coo_map/linefit_ground_segmentation/linefit_ground_segmentation/build/catkin_tools_prebuild/CMakeFiles/CMakeTmp'
Makefile:126: recipe for target 'cmTC_569a1/fast' failed
make: *** [cmTC_569a1/fast] Error 2

File /home/sysuzyc/coo_map/linefit_ground_segmentation/linefit_ground_segmentation/build/catkin_tools_prebuild/CMakeFiles/CMakeTmp/CheckSymbolExists.c:
/* */
#include <pthread.h>

int main(int argc, char** argv)
{
  (void)argv;
#ifndef pthread_create
  return ((int*)(&pthread_create))[argc];
#else
  (void)argc;
  return 0;
#endif
}

Determining if the function pthread_create exists in the pthreads failed with the following output:
Change Dir: /home/sysuzyc/coo_map/linefit_ground_segmentation/linefit_ground_segmentation/build/catkin_tools_prebuild/CMakeFiles/CMakeTmp

Run Build Command:"/usr/bin/make" "cmTC_f942f/fast"
/usr/bin/make -f CMakeFiles/cmTC_f942f.dir/build.make CMakeFiles/cmTC_f942f.dir/build
make[1]: Entering directory '/home/sysuzyc/coo_map/linefit_ground_segmentation/linefit_ground_segmentation/build/catkin_tools_prebuild/CMakeFiles/CMakeTmp'
Building C object CMakeFiles/cmTC_f942f.dir/CheckFunctionExists.c.o
/usr/bin/cc    -DCHECK_FUNCTION_EXISTS=pthread_create   -o CMakeFiles/cmTC_f942f.dir/CheckFunctionExists.c.o   -c /usr/share/cmake-3.5/Modules/CheckFunctionExists.c
Linking C executable cmTC_f942f
/usr/bin/cmake -E cmake_link_script CMakeFiles/cmTC_f942f.dir/link.txt --verbose=1
/usr/bin/cc   -DCHECK_FUNCTION_EXISTS=pthread_create    CMakeFiles/cmTC_f942f.dir/CheckFunctionExists.c.o  -o cmTC_f942f -rdynamic -lpthreads 
/usr/bin/ld: cannot find -lpthreads
collect2: error: ld returned 1 exit status
CMakeFiles/cmTC_f942f.dir/build.make:97: recipe for target 'cmTC_f942f' failed
make[1]: *** [cmTC_f942f] Error 1
make[1]: Leaving directory '/home/sysuzyc/coo_map/linefit_ground_segmentation/linefit_ground_segmentation/build/catkin_tools_prebuild/CMakeFiles/CMakeTmp'
Makefile:126: recipe for target 'cmTC_f942f/fast' failed
make: *** [cmTC_f942f/fast] Error 2


