Determining if the pthread_create exist failed with the following output:
Change Dir: /home/curry/ROS_ws/glog_catkin/build/CMakeFiles/CMakeTmp

Run Build Command:"/usr/bin/make" "cmTryCompileExec3739144738/fast"
/usr/bin/make -f CMakeFiles/cmTryCompileExec3739144738.dir/build.make CMakeFiles/cmTryCompileExec3739144738.dir/build
make[1]: Entering directory `/home/curry/ROS_ws/glog_catkin/build/CMakeFiles/CMakeTmp'
/usr/bin/cmake -E cmake_progress_report /home/curry/ROS_ws/glog_catkin/build/CMakeFiles/CMakeTmp/CMakeFiles 1
Building C object CMakeFiles/cmTryCompileExec3739144738.dir/CheckSymbolExists.c.o
/usr/bin/cc    -o CMakeFiles/cmTryCompileExec3739144738.dir/CheckSymbolExists.c.o   -c /home/curry/ROS_ws/glog_catkin/build/CMakeFiles/CMakeTmp/CheckSymbolExists.c
Linking C executable cmTryCompileExec3739144738
/usr/bin/cmake -E cmake_link_script CMakeFiles/cmTryCompileExec3739144738.dir/link.txt --verbose=1
/usr/bin/cc       CMakeFiles/cmTryCompileExec3739144738.dir/CheckSymbolExists.c.o  -o cmTryCompileExec3739144738 -rdynamic 
CMakeFiles/cmTryCompileExec3739144738.dir/CheckSymbolExists.c.o: In function `main':
CheckSymbolExists.c:(.text+0x16): undefined reference to `pthread_create'
collect2: error: ld returned 1 exit status
make[1]: Leaving directory `/home/curry/ROS_ws/glog_catkin/build/CMakeFiles/CMakeTmp'
make[1]: *** [cmTryCompileExec3739144738] Error 1
make: *** [cmTryCompileExec3739144738/fast] Error 2

File /home/curry/ROS_ws/glog_catkin/build/CMakeFiles/CMakeTmp/CheckSymbolExists.c:
/* */
#include <pthread.h>

int main(int argc, char** argv)
{
  (void)argv;
#ifndef pthread_create
  return ((int*)(&pthread_create))[argc];
#else
  (void)argc;
  return 0;
#endif
}

Determining if the function pthread_create exists in the pthreads failed with the following output:
Change Dir: /home/curry/ROS_ws/glog_catkin/build/CMakeFiles/CMakeTmp

Run Build Command:"/usr/bin/make" "cmTryCompileExec1938154604/fast"
/usr/bin/make -f CMakeFiles/cmTryCompileExec1938154604.dir/build.make CMakeFiles/cmTryCompileExec1938154604.dir/build
make[1]: Entering directory `/home/curry/ROS_ws/glog_catkin/build/CMakeFiles/CMakeTmp'
/usr/bin/cmake -E cmake_progress_report /home/curry/ROS_ws/glog_catkin/build/CMakeFiles/CMakeTmp/CMakeFiles 1
Building C object CMakeFiles/cmTryCompileExec1938154604.dir/CheckFunctionExists.c.o
/usr/bin/cc   -DCHECK_FUNCTION_EXISTS=pthread_create   -o CMakeFiles/cmTryCompileExec1938154604.dir/CheckFunctionExists.c.o   -c /usr/share/cmake-3.2/Modules/CheckFunctionExists.c
Linking C executable cmTryCompileExec1938154604
/usr/bin/cmake -E cmake_link_script CMakeFiles/cmTryCompileExec1938154604.dir/link.txt --verbose=1
/usr/bin/cc   -DCHECK_FUNCTION_EXISTS=pthread_create    CMakeFiles/cmTryCompileExec1938154604.dir/CheckFunctionExists.c.o  -o cmTryCompileExec1938154604 -rdynamic -lpthreads 
/usr/bin/ld: cannot find -lpthreads
collect2: error: ld returned 1 exit status
make[1]: Leaving directory `/home/curry/ROS_ws/glog_catkin/build/CMakeFiles/CMakeTmp'
make[1]: *** [cmTryCompileExec1938154604] Error 1
make: *** [cmTryCompileExec1938154604/fast] Error 2


